# JRE version: OpenJDK Runtime Environment (21.0.5) (build 21.0.5+-13047016-b750.29)
# Java VM: OpenJDK 64-Bit Server VM (21.0.5+-13047016-b750.29, mixed mode, tiered, compressed oops, compressed class ptrs, g1 gc, windows-amd64)
GC Precious Log:
 CardTable entry size: 512
 Card Set container configuration: InlinePtr #cards 5 size 8 Array Of Cards #cards 12 size 40 Howl #buckets 4 coarsen threshold 1843 Howl Bitmap #cards 512 size 80 coarsen threshold 460 Card regions per heap region 1 cards per card region 2048
 CPUs: 4 total, 4 available
 Memory: 7979M
 Large Page Support: Disabled
 NUMA Support: Disabled
 Compressed Oops: Enabled (32-bit)
 Heap Region Size: 1M
 Heap Min Capacity: 8M
 Heap Initial Capacity: 126M
 Heap Max Capacity: 2G
 Pre-touch: Disabled
 Parallel Workers: 4
 Concurrent Workers: 1
 Concurrent Refinement Workers: 4
 Periodic GC: Disabled
Heap:
 garbage-first heap   total 449536K, used 183599K [0x0000000080000000, 0x0000000100000000)
  region size 1024K, 5 young (5120K), 5 survivors (5120K)
 Metaspace       used 153884K, committed 159232K, reserved 1245184K
  class space    used 19767K, committed 21696K, reserved 1048576K
GC Heap History (20 events):
Event: 10196.861 GC heap after
{Heap after GC invocations=81 (full 0):
 garbage-first heap   total 449536K, used 181356K [0x0000000080000000, 0x0000000100000000)
  region size 1024K, 2 young (2048K), 2 survivors (2048K)
 Metaspace       used 155886K, committed 158464K, reserved 1245184K
  class space    used 20364K, committed 21632K, reserved 1048576K
}
Event: 10780.411 GC heap before
{Heap before GC invocations=81 (full 0):
 garbage-first heap   total 449536K, used 247916K [0x0000000080000000, 0x0000000100000000)
  region size 1024K, 67 young (68608K), 2 survivors (2048K)
 Metaspace       used 156051K, committed 158592K, reserved 1245184K
  class space    used 20366K, committed 21632K, reserved 1048576K
}
Event: 10780.589 GC heap after
{Heap after GC invocations=82 (full 0):
 garbage-first heap   total 449536K, used 178237K [0x0000000080000000, 0x0000000100000000)
  region size 1024K, 6 young (6144K), 6 survivors (6144K)
 Metaspace       used 156051K, committed 158592K, reserved 1245184K
  class space    used 20366K, committed 21632K, reserved 1048576K
}
Event: 10787.172 GC heap before
{Heap before GC invocations=82 (full 0):
 garbage-first heap   total 449536K, used 202813K [0x0000000080000000, 0x0000000100000000)
  region size 1024K, 29 young (29696K), 6 survivors (6144K)
 Metaspace       used 156145K, committed 158656K, reserved 1245184K
  class space    used 20369K, committed 21632K, reserved 1048576K
}
Event: 10787.303 GC heap after
{Heap after GC invocations=83 (full 0):
 garbage-first heap   total 449536K, used 179785K [0x0000000080000000, 0x0000000100000000)
  region size 1024K, 4 young (4096K), 4 survivors (4096K)
 Metaspace       used 156145K, committed 158656K, reserved 1245184K
  class space    used 20369K, committed 21632K, reserved 1048576K
}
Event: 10788.669 GC heap before
{Heap before GC invocations=83 (full 0):
 garbage-first heap   total 449536K, used 201289K [0x0000000080000000, 0x0000000100000000)
  region size 1024K, 26 young (26624K), 4 survivors (4096K)
 Metaspace       used 156193K, committed 158656K, reserved 1245184K
  class space    used 20373K, committed 21632K, reserved 1048576K
}
Event: 10788.822 GC heap after
{Heap after GC invocations=84 (full 0):
 garbage-first heap   total 449536K, used 184320K [0x0000000080000000, 0x0000000100000000)
  region size 1024K, 4 young (4096K), 4 survivors (4096K)
 Metaspace       used 156193K, committed 158656K, reserved 1245184K
  class space    used 20373K, committed 21632K, reserved 1048576K
}
Event: 10791.221 GC heap before
{Heap before GC invocations=84 (full 0):
 garbage-first heap   total 449536K, used 217088K [0x0000000080000000, 0x0000000100000000)
  region size 1024K, 21 young (21504K), 4 survivors (4096K)
 Metaspace       used 156218K, committed 158656K, reserved 1245184K
  class space    used 20373K, committed 21632K, reserved 1048576K
}
Event: 10791.314 GC heap after
{Heap after GC invocations=85 (full 0):
 garbage-first heap   total 449536K, used 180736K [0x0000000080000000, 0x0000000100000000)
  region size 1024K, 3 young (3072K), 3 survivors (3072K)
 Metaspace       used 156218K, committed 158656K, reserved 1245184K
  class space    used 20373K, committed 21632K, reserved 1048576K
}
Event: 10792.706 GC heap before
{Heap before GC invocations=85 (full 0):
 garbage-first heap   total 449536K, used 199168K [0x0000000080000000, 0x0000000100000000)
  region size 1024K, 22 young (22528K), 3 survivors (3072K)
 Metaspace       used 156275K, committed 158720K, reserved 1245184K
  class space    used 20374K, committed 21632K, reserved 1048576K
}
Event: 10792.783 GC heap after
{Heap after GC invocations=86 (full 0):
 garbage-first heap   total 449536K, used 175868K [0x0000000080000000, 0x0000000100000000)
  region size 1024K, 2 young (2048K), 2 survivors (2048K)
 Metaspace       used 156275K, committed 158720K, reserved 1245184K
  class space    used 20374K, committed 21632K, reserved 1048576K
}
Event: 11238.100 GC heap before
{Heap before GC invocations=86 (full 0):
 garbage-first heap   total 449536K, used 200444K [0x0000000080000000, 0x0000000100000000)
  region size 1024K, 27 young (27648K), 2 survivors (2048K)
 Metaspace       used 156720K, committed 159232K, reserved 1245184K
  class space    used 20447K, committed 21696K, reserved 1048576K
}
Event: 11238.721 GC heap after
{Heap after GC invocations=87 (full 0):
 garbage-first heap   total 449536K, used 171470K [0x0000000080000000, 0x0000000100000000)
  region size 1024K, 2 young (2048K), 2 survivors (2048K)
 Metaspace       used 156720K, committed 159232K, reserved 1245184K
  class space    used 20447K, committed 21696K, reserved 1048576K
}
Event: 11367.395 GC heap before
{Heap before GC invocations=87 (full 0):
 garbage-first heap   total 449536K, used 189902K [0x0000000080000000, 0x0000000100000000)
  region size 1024K, 21 young (21504K), 2 survivors (2048K)
 Metaspace       used 156727K, committed 159232K, reserved 1245184K
  class space    used 20447K, committed 21696K, reserved 1048576K
}
Event: 11367.486 GC heap after
{Heap after GC invocations=88 (full 0):
 garbage-first heap   total 449536K, used 171039K [0x0000000080000000, 0x0000000100000000)
  region size 1024K, 2 young (2048K), 2 survivors (2048K)
 Metaspace       used 156727K, committed 159232K, reserved 1245184K
  class space    used 20447K, committed 21696K, reserved 1048576K
}
Event: 11371.428 GC heap before
{Heap before GC invocations=88 (full 0):
 garbage-first heap   total 449536K, used 222239K [0x0000000080000000, 0x0000000100000000)
  region size 1024K, 54 young (55296K), 2 survivors (2048K)
 Metaspace       used 156887K, committed 159360K, reserved 1245184K
  class space    used 20448K, committed 21696K, reserved 1048576K
}
Event: 11371.499 GC heap after
{Heap after GC invocations=89 (full 0):
 garbage-first heap   total 449536K, used 178032K [0x0000000080000000, 0x0000000100000000)
  region size 1024K, 8 young (8192K), 8 survivors (8192K)
 Metaspace       used 156887K, committed 159360K, reserved 1245184K
  class space    used 20448K, committed 21696K, reserved 1048576K
}
Event: 11372.425 GC heap before
{Heap before GC invocations=89 (full 0):
 garbage-first heap   total 449536K, used 221040K [0x0000000080000000, 0x0000000100000000)
  region size 1024K, 48 young (49152K), 8 survivors (8192K)
 Metaspace       used 156922K, committed 159424K, reserved 1245184K
  class space    used 20450K, committed 21696K, reserved 1048576K
}
Event: 11372.530 GC heap after
{Heap after GC invocations=90 (full 0):
 garbage-first heap   total 449536K, used 196578K [0x0000000080000000, 0x0000000100000000)
  region size 1024K, 6 young (6144K), 6 survivors (6144K)
 Metaspace       used 156922K, committed 159424K, reserved 1245184K
  class space    used 20450K, committed 21696K, reserved 1048576K
}
Event: 11376.174 GC heap before
{Heap before GC invocations=90 (full 0):
 garbage-first heap   total 449536K, used 226274K [0x0000000080000000, 0x0000000100000000)
  region size 1024K, 38 young (38912K), 6 survivors (6144K)
 Metaspace       used 153884K, committed 159232K, reserved 1245184K
  class space    used 19767K, committed 21696K, reserved 1048576K
}

