# JRE version: OpenJDK Runtime Environment (21.0.5) (build 21.0.5+-13047016-b750.29)
# Java VM: OpenJDK 64-Bit Server VM (21.0.5+-13047016-b750.29, mixed mode, tiered, compressed oops, compressed class ptrs, g1 gc, windows-amd64)
GC Precious Log:
 CardTable entry size: 512
 Card Set container configuration: InlinePtr #cards 5 size 8 Array Of Cards #cards 12 size 40 Howl #buckets 4 coarsen threshold 1843 Howl Bitmap #cards 512 size 80 coarsen threshold 460 Card regions per heap region 1 cards per card region 2048
 CPUs: 4 total, 4 available
 Memory: 7979M
 Large Page Support: Disabled
 NUMA Support: Disabled
 Compressed Oops: Enabled (32-bit)
 Heap Region Size: 1M
 Heap Min Capacity: 8M
 Heap Initial Capacity: 126M
 Heap Max Capacity: 2G
 Pre-touch: Disabled
 Parallel Workers: 4
 Concurrent Workers: 1
 Concurrent Refinement Workers: 4
 Periodic GC: Disabled
Heap:
 garbage-first heap   total 500736K, used 171517K [0x0000000080000000, 0x0000000100000000)
  region size 1024K, 3 young (3072K), 3 survivors (3072K)
 Metaspace       used 148554K, committed 153216K, reserved 1245184K
  class space    used 19227K, committed 21056K, reserved 1048576K
GC Heap History (20 events):
Event: 1555.755 GC heap after
{Heap after GC invocations=73 (full 0):
 garbage-first heap   total 500736K, used 176128K [0x0000000080000000, 0x0000000100000000)
  region size 1024K, 3 young (3072K), 3 survivors (3072K)
 Metaspace       used 150025K, committed 152384K, reserved 1245184K
  class space    used 19820K, committed 20992K, reserved 1048576K
}
Event: 1557.914 GC heap before
{Heap before GC invocations=73 (full 0):
 garbage-first heap   total 500736K, used 211968K [0x0000000080000000, 0x0000000100000000)
  region size 1024K, 24 young (24576K), 3 survivors (3072K)
 Metaspace       used 150079K, committed 152448K, reserved 1245184K
  class space    used 19820K, committed 20992K, reserved 1048576K
}
Event: 1557.961 GC heap after
{Heap after GC invocations=74 (full 0):
 garbage-first heap   total 500736K, used 175104K [0x0000000080000000, 0x0000000100000000)
  region size 1024K, 3 young (3072K), 3 survivors (3072K)
 Metaspace       used 150079K, committed 152448K, reserved 1245184K
  class space    used 19820K, committed 20992K, reserved 1048576K
}
Event: 1567.870 GC heap before
{Heap before GC invocations=74 (full 0):
 garbage-first heap   total 500736K, used 195584K [0x0000000080000000, 0x0000000100000000)
  region size 1024K, 24 young (24576K), 3 survivors (3072K)
 Metaspace       used 150162K, committed 152576K, reserved 1245184K
  class space    used 19821K, committed 21056K, reserved 1048576K
}
Event: 1567.953 GC heap after
{Heap after GC invocations=75 (full 0):
 garbage-first heap   total 500736K, used 170493K [0x0000000080000000, 0x0000000100000000)
  region size 1024K, 3 young (3072K), 3 survivors (3072K)
 Metaspace       used 150162K, committed 152576K, reserved 1245184K
  class space    used 19821K, committed 21056K, reserved 1048576K
}
Event: 1661.047 GC heap before
{Heap before GC invocations=75 (full 0):
 garbage-first heap   total 500736K, used 229885K [0x0000000080000000, 0x0000000100000000)
  region size 1024K, 50 young (51200K), 3 survivors (3072K)
 Metaspace       used 150277K, committed 152704K, reserved 1245184K
  class space    used 19824K, committed 21056K, reserved 1048576K
}
Event: 1661.240 GC heap after
{Heap after GC invocations=76 (full 0):
 garbage-first heap   total 500736K, used 167097K [0x0000000080000000, 0x0000000100000000)
  region size 1024K, 2 young (2048K), 2 survivors (2048K)
 Metaspace       used 150277K, committed 152704K, reserved 1245184K
  class space    used 19824K, committed 21056K, reserved 1048576K
}
Event: 2129.822 GC heap before
{Heap before GC invocations=76 (full 0):
 garbage-first heap   total 500736K, used 243897K [0x0000000080000000, 0x0000000100000000)
  region size 1024K, 78 young (79872K), 2 survivors (2048K)
 Metaspace       used 150460K, committed 152896K, reserved 1245184K
  class space    used 19831K, committed 21056K, reserved 1048576K
}
Event: 2129.896 GC heap after
{Heap after GC invocations=77 (full 0):
 garbage-first heap   total 500736K, used 167587K [0x0000000080000000, 0x0000000100000000)
  region size 1024K, 3 young (3072K), 3 survivors (3072K)
 Metaspace       used 150460K, committed 152896K, reserved 1245184K
  class space    used 19831K, committed 21056K, reserved 1048576K
}
Event: 2131.166 GC heap before
{Heap before GC invocations=77 (full 0):
 garbage-first heap   total 500736K, used 207523K [0x0000000080000000, 0x0000000100000000)
  region size 1024K, 42 young (43008K), 3 survivors (3072K)
 Metaspace       used 150508K, committed 152960K, reserved 1245184K
  class space    used 19832K, committed 21056K, reserved 1048576K
}
Event: 2131.188 GC heap after
{Heap after GC invocations=78 (full 0):
 garbage-first heap   total 500736K, used 170242K [0x0000000080000000, 0x0000000100000000)
  region size 1024K, 5 young (5120K), 5 survivors (5120K)
 Metaspace       used 150508K, committed 152960K, reserved 1245184K
  class space    used 19832K, committed 21056K, reserved 1048576K
}
Event: 2134.433 GC heap before
{Heap before GC invocations=78 (full 0):
 garbage-first heap   total 500736K, used 171266K [0x0000000080000000, 0x0000000100000000)
  region size 1024K, 24 young (24576K), 5 survivors (5120K)
 Metaspace       used 147967K, committed 152960K, reserved 1245184K
  class space    used 19205K, committed 21056K, reserved 1048576K
}
Event: 2134.473 GC heap after
{Heap after GC invocations=79 (full 0):
 garbage-first heap   total 500736K, used 155648K [0x0000000080000000, 0x0000000100000000)
  region size 1024K, 3 young (3072K), 3 survivors (3072K)
 Metaspace       used 147967K, committed 152960K, reserved 1245184K
  class space    used 19205K, committed 21056K, reserved 1048576K
}
Event: 2136.115 GC heap before
{Heap before GC invocations=80 (full 0):
 garbage-first heap   total 500736K, used 176128K [0x0000000080000000, 0x0000000100000000)
  region size 1024K, 24 young (24576K), 3 survivors (3072K)
 Metaspace       used 148281K, committed 153088K, reserved 1245184K
  class space    used 19222K, committed 21056K, reserved 1048576K
}
Event: 2136.136 GC heap after
{Heap after GC invocations=81 (full 0):
 garbage-first heap   total 500736K, used 159550K [0x0000000080000000, 0x0000000100000000)
  region size 1024K, 3 young (3072K), 3 survivors (3072K)
 Metaspace       used 148281K, committed 153088K, reserved 1245184K
  class space    used 19222K, committed 21056K, reserved 1048576K
}
Event: 2136.622 GC heap before
{Heap before GC invocations=81 (full 0):
 garbage-first heap   total 500736K, used 189246K [0x0000000080000000, 0x0000000100000000)
  region size 1024K, 24 young (24576K), 3 survivors (3072K)
 Metaspace       used 148362K, committed 153152K, reserved 1245184K
  class space    used 19222K, committed 21056K, reserved 1048576K
}
Event: 2136.660 GC heap after
{Heap after GC invocations=82 (full 0):
 garbage-first heap   total 500736K, used 167936K [0x0000000080000000, 0x0000000100000000)
  region size 1024K, 3 young (3072K), 3 survivors (3072K)
 Metaspace       used 148362K, committed 153152K, reserved 1245184K
  class space    used 19222K, committed 21056K, reserved 1048576K
}
Event: 2137.013 GC heap before
{Heap before GC invocations=82 (full 0):
 garbage-first heap   total 500736K, used 189440K [0x0000000080000000, 0x0000000100000000)
  region size 1024K, 24 young (24576K), 3 survivors (3072K)
 Metaspace       used 148437K, committed 153216K, reserved 1245184K
  class space    used 19222K, committed 21056K, reserved 1048576K
}
Event: 2137.048 GC heap after
{Heap after GC invocations=83 (full 0):
 garbage-first heap   total 500736K, used 172032K [0x0000000080000000, 0x0000000100000000)
  region size 1024K, 3 young (3072K), 3 survivors (3072K)
 Metaspace       used 148437K, committed 153216K, reserved 1245184K
  class space    used 19222K, committed 21056K, reserved 1048576K
}
Event: 2137.605 GC heap before
{Heap before GC invocations=83 (full 0):
 garbage-first heap   total 500736K, used 199680K [0x0000000080000000, 0x0000000100000000)
  region size 1024K, 24 young (24576K), 3 survivors (3072K)
 Metaspace       used 148554K, committed 153216K, reserved 1245184K
  class space    used 19227K, committed 21056K, reserved 1048576K
}

